#
# A fatal error has been detected by the Java Runtime Environment:
#
#  EXCEPTION_ACCESS_VIOLATION (0xc0000005) at pc=0x000000005f508624, pid=7204, tid=2072
#
# JRE version: 7.0_11-b21
# Java VM: Java HotSpot(TM) 64-Bit Server VM (23.6-b04 mixed mode windows-amd64 compressed oops)
# Problematic frame:
# C  0x000000005f508624
#
# Failed to write core dump. Minidumps are not enabled by default on client versions of Windows
#
# If you would like to submit a bug report, please visit:
#   http://bugreport.sun.com/bugreport/crash.jsp
# The crash happened outside the Java Virtual Machine in native code.
# See problematic frame for where to report the bug.
#

---------------  T H R E A D  ---------------

Current thread (0x00000000603f0000):  JavaThread "AWT-EventQueue-0" [_thread_in_native, id=2072, stack(0x000000009c000000,0x00000000a0000000)]

siginfo: ExceptionCode=0xc0000005, reading address 0x0000000000000008

Registers:
RAX=0x000000000000000d, RBX=0x00000000603f01d8, RCX=0x0000000000000000, RDX=0xffffffff8d013bf6
RSP=0x000000009fffdd88, RBP=0x00000000603f01d8, RSI=0x0000000013ecf490, RDI=0x0000000074219160
R8 =0x000000009fffdd48, R9 =0x0000000000000005, R10=0x0000000000000000, R11=0x000000009fffdd88
R12=0xffffffff8d013bf6, R13=0x0000000000000000, R14=0x000000009fffe520, R15=0x00000000603f0000
RIP=0x000000005f508624, EFLAGS=0x0000000000010202

Top of Stack: (sp=0x000000009fffdd88)
0x000000009fffdd88:   000000005f4c9589 0000000000000000
0x000000009fffdd98:   00000000603f01d8 00000000603f01d8
0x000000009fffdda8:   0000000013ecf490 0000000000000000
0x000000009fffddb8:   0000000013ecf490 000000009fffe510
0x000000009fffddc8:   000000005f4aa6b1 00000000603f01d8
0x000000009fffddd8:   0000000000000000 000000009fffdf01
0x000000009fffdde8:   00000000e802f6c8 00000000143b2bb0
0x000000009fffddf8:   000000005f4c627a 000000009fffe510
0x000000009fffde08:   000000009fffdf00 00000000603f01d8
0x000000009fffde18:   00000000603f0000 00000000e803b020
0x000000009fffde28:   00000000eb9deb90 00000000eb9dfa50
0x000000009fffde38:   000000002b071209 00000000603f0000
0x000000009fffde48:   00000001e851db80 00000000e868a2a0
0x000000009fffde58:   000000000c5e02b0 00000000e9e855c0
0x000000009fffde68:   000000002b77e93c 0000000000000000
0x000000009fffde78:   000000009fffe508 00000000603f01d8 

Instructions: (pc=0x000000005f508624)
0x000000005f508604:   5e 41 5d 41 5c 5f c3 cc 48 8b 41 08 48 05 00 04
0x000000005f508614:   00 00 c3 cc 48 8b 41 08 48 8b 80 18 0c 00 00 c3
0x000000005f508624:   48 8b 49 08 48 85 c9 74 05 e9 0e 72 fe ff 33 c0
0x000000005f508634:   c3 cc cc cc 48 83 ec 28 48 8b 49 08 48 85 c9 74 


Register to memory mapping:

RAX=0x000000000000000d is an unknown value
RBX=0x00000000603f01d8 is an unknown value
RCX=0x0000000000000000 is an unknown value
RDX=0xffffffff8d013bf6 is an unknown value
RSP=0x000000009fffdd88 is pointing into the stack for thread: 0x00000000603f0000
RBP=0x00000000603f01d8 is an unknown value
RSI=0x0000000013ecf490 is an unknown value
RDI=0x0000000074219160 is an unknown value
R8 =0x000000009fffdd48 is pointing into the stack for thread: 0x00000000603f0000
R9 =0x0000000000000005 is an unknown value
R10=0x0000000000000000 is an unknown value
R11=0x000000009fffdd88 is pointing into the stack for thread: 0x00000000603f0000
R12=0xffffffff8d013bf6 is an unknown value
R13=0x0000000000000000 is an unknown value
R14=0x000000009fffe520 is pointing into the stack for thread: 0x00000000603f0000
R15=0x00000000603f0000 is a thread


Stack: [0x000000009c000000,0x00000000a0000000],  sp=0x000000009fffdd88,  free space=65527k
Native frames: (J=compiled Java code, j=interpreted, Vv=VM code, C=native code)
C  0x000000005f508624

Java frames: (J=compiled Java code, j=interpreted, Vv=VM code)
j  sun.java2d.windows.GDIBlitLoops.nativeBlit(Lsun/java2d/SurfaceData;Lsun/java2d/SurfaceData;Lsun/java2d/pipe/Region;IIIIIIIIIZ)V+0
j  sun.java2d.windows.GDIBlitLoops.Blit(Lsun/java2d/SurfaceData;Lsun/java2d/SurfaceData;Ljava/awt/Composite;Lsun/java2d/pipe/Region;IIIIII)V+33
J  sun.java2d.pipe.DrawImage.copyImage(Lsun/java2d/SunGraphics2D;Ljava/awt/Image;IILjava/awt/Color;Ljava/awt/image/ImageObserver;)Z
J  sun.java2d.SunGraphics2D.drawImage(Ljava/awt/Image;IILjava/awt/Color;Ljava/awt/image/ImageObserver;)Z
J  javax.swing.RepaintManager$PaintManager.paintDoubleBuffered(Ljavax/swing/JComponent;Ljava/awt/Image;Ljava/awt/Graphics;IIII)V
J  javax.swing.RepaintManager$PaintManager.paint(Ljavax/swing/JComponent;Ljavax/swing/JComponent;Ljava/awt/Graphics;IIII)Z
j  javax.swing.RepaintManager.paint(Ljavax/swing/JComponent;Ljavax/swing/JComponent;Ljava/awt/Graphics;IIII)V+52
J  javax.swing.JComponent._paintImmediately(IIII)V
j  javax.swing.JComponent.paintImmediately(IIII)V+138
J  javax.swing.RepaintManager.paintDirtyRegions(Ljava/util/Map;)V
j  javax.swing.RepaintManager.paintDirtyRegions()V+46
j  javax.swing.RepaintManager.prePaintDirtyRegions()V+73
j  javax.swing.RepaintManager.access$700(Ljavax/swing/RepaintManager;)V+1
j  javax.swing.RepaintManager$ProcessingRunnable.run()V+37
J  java.awt.EventQueue$3.run()Ljava/lang/Object;
v  ~StubRoutines::call_stub
J  java.security.AccessController.doPrivileged(Ljava/security/PrivilegedAction;Ljava/security/AccessControlContext;)Ljava/lang/Object;
J  java.awt.EventDispatchThread.pumpOneEventForFilters(I)V
J  java.awt.EventDispatchThread.pumpEventsForFilter(ILjava/awt/Conditional;Ljava/awt/EventFilter;)V
j  java.awt.EventDispatchThread.pumpEventsForHierarchy(ILjava/awt/Conditional;Ljava/awt/Component;)V+11
j  java.awt.EventDispatchThread.pumpEvents(ILjava/awt/Conditional;)V+4
j  java.awt.EventDispatchThread.pumpEvents(Ljava/awt/Conditional;)V+3
j  java.awt.EventDispatchThread.run()V+9
v  ~StubRoutines::call_stub

---------------  P R O C E S S  ---------------

Java Threads: ( => current thread )
  0x000000005ff6e800 JavaThread "Explorer NavigationContext request queue" daemon [_thread_blocked, id=35808, stack(0x00000000adfa0000,0x00000000b1fa0000)]
  0x00000000197c7000 JavaThread "Prefs Updater" daemon [_thread_blocked, id=19576, stack(0x00000000bcfd0000,0x00000000c0fd0000)]
  0x00000000ac9e5000 JavaThread "Foxtrot Multi Worker Thread Runner #1" daemon [_thread_blocked, id=25424, stack(0x00000000c0fd0000,0x00000000c4fd0000)]
  0x000000005ff76800 JavaThread "Code Analyzer updating thread" [_thread_blocked, id=10508, stack(0x0000000114000000,0x0000000118000000)]
  0x000000005ff75800 JavaThread "Code Analyzer updating thread" [_thread_blocked, id=26972, stack(0x0000000110000000,0x0000000114000000)]
  0x000000005ff74800 JavaThread "Code Analyzer updating thread" [_thread_blocked, id=13144, stack(0x000000010c000000,0x0000000110000000)]
  0x000000005ff74000 JavaThread "Code Analyzer updating thread" [_thread_blocked, id=21044, stack(0x0000000108000000,0x000000010c000000)]
  0x000000005ff73000 JavaThread "Code Analyzer updating thread" [_thread_blocked, id=12544, stack(0x0000000104000000,0x0000000108000000)]
  0x000000005ff72800 JavaThread "Active Reference Queue Daemon" daemon [_thread_blocked, id=26512, stack(0x0000000100000000,0x0000000104000000)]
  0x000000005ff71800 JavaThread "Timer-1" daemon [_thread_blocked, id=23980, stack(0x00000000d8fd0000,0x00000000dcfd0000)]
  0x000000005ff71000 JavaThread "ClipboardMonitor Timer" daemon [_thread_blocked, id=24440, stack(0x00000000d4fd0000,0x00000000d8fd0000)]
  0x000000005ff6d000 JavaThread "AddressBar directory emptiness poller" daemon [_thread_blocked, id=12832, stack(0x00000000c8fd0000,0x00000000ccfd0000)]
  0x000000005ff68800 JavaThread "Explorer Refresh Service 560472367" daemon [_thread_blocked, id=24868, stack(0x00000000c4fd0000,0x00000000c8fd0000)]
  0x000000005ff68000 JavaThread "Thread-4" daemon [_thread_blocked, id=26228, stack(0x00000000b4fd0000,0x00000000b8fd0000)]
  0x000000005ff6b000 JavaThread "TimerQueue" daemon [_thread_blocked, id=26448, stack(0x0000000080000000,0x0000000084000000)]
  0x0000000060235000 JavaThread "Thread-3" daemon [_thread_blocked, id=16980, stack(0x00000000a0000000,0x00000000a4000000)]
=>0x00000000603f0000 JavaThread "AWT-EventQueue-0" [_thread_in_native, id=2072, stack(0x000000009c000000,0x00000000a0000000)]
  0x000000005fbe4000 JavaThread "AWT-Shutdown" [_thread_blocked, id=20600, stack(0x0000000088000000,0x000000008c000000)]
  0x000000005fe32800 JavaThread "FelixPackageAdmin" daemon [_thread_blocked, id=22400, stack(0x0000000098000000,0x000000009c000000)]
  0x0000000060276000 JavaThread "FelixStartLevel" daemon [_thread_blocked, id=10136, stack(0x0000000094000000,0x0000000098000000)]
  0x000000006021c800 JavaThread "FelixDispatchQueue" daemon [_thread_blocked, id=5600, stack(0x0000000090000000,0x0000000094000000)]
  0x000000005fc5e800 JavaThread "com.google.common.base.internal.Finalizer" daemon [_thread_blocked, id=13004, stack(0x000000008c000000,0x0000000090000000)]
  0x000000005fbc8000 JavaThread "AWT-Windows" daemon [_thread_in_native, id=31348, stack(0x0000000084000000,0x0000000088000000)]
  0x000000005fb72800 JavaThread "Java2D Disposer" daemon [_thread_blocked, id=2776, stack(0x000000007aed0000,0x000000007eed0000)]
  0x000000000cd3d800 JavaThread "Timer-0" [_thread_blocked, id=9060, stack(0x0000000076ed0000,0x000000007aed0000)]
  0x000000000d4ee000 JavaThread "EventMgr Dispatcher" daemon [_thread_in_native, id=23592, stack(0x00000000605c0000,0x00000000645c0000)]
  0x000000000cfc6000 JavaThread "Service Thread" daemon [_thread_blocked, id=21284, stack(0x0000000057450000,0x000000005b450000)]
  0x000000000cfc2000 JavaThread "C2 CompilerThread1" daemon [_thread_blocked, id=20948, stack(0x0000000053450000,0x0000000057450000)]
  0x000000000cfa3800 JavaThread "C2 CompilerThread0" daemon [_thread_blocked, id=1044, stack(0x000000004f450000,0x0000000053450000)]
  0x000000000cf9e800 JavaThread "Attach Listener" daemon [_thread_blocked, id=18736, stack(0x000000004b450000,0x000000004f450000)]
  0x000000000cf27000 JavaThread "Finalizer" daemon [_thread_blocked, id=13796, stack(0x0000000047450000,0x000000004b450000)]
  0x000000000cf1d000 JavaThread "Reference Handler" daemon [_thread_blocked, id=12676, stack(0x0000000043450000,0x0000000047450000)]
  0x000000000cd30800 JavaThread "main" [_thread_in_native, id=16500, stack(0x0000000000030000,0x0000000004030000)]

Other Threads:
  0x000000000cf1a000 VMThread [stack: 0x000000003f450000,0x0000000043450000] [id=20048]
  0x000000000d0b0000 WatcherThread [stack: 0x000000005b450000,0x000000005f450000] [id=10696]

VM state:not at safepoint (normal execution)

VM Mutex/Monitor currently owned by a thread: None

Heap
 PSYoungGen      total 97280K, used 95670K [0x00000000fa000000, 0x00000000fffe0000, 0x0000000100000000)
  eden space 96512K, 98% used [0x00000000fa000000,0x00000000ffd45b18,0x00000000ffe40000)
  from space 768K, 20% used [0x00000000fff20000,0x00000000fff48000,0x00000000fffe0000)
  to   space 832K, 0% used [0x00000000ffe40000,0x00000000ffe40000,0x00000000fff10000)
 ParOldGen       total 112960K, used 71337K [0x00000000e8000000, 0x00000000eee50000, 0x00000000fa000000)
  object space 112960K, 63% used [0x00000000e8000000,0x00000000ec5aa5c0,0x00000000eee50000)
 PSPermGen       total 84544K, used 62748K [0x00000000e0000000, 0x00000000e5290000, 0x00000000e8000000)
  object space 84544K, 74% used [0x00000000e0000000,0x00000000e3d47300,0x00000000e5290000)

Card table byte_map: [0x000000000d4f0000,0x000000000d600000] byte_map_base: 0x000000000cdf0000

Polling page: 0x0000000009c50000

Code Cache  [0x000000002b010000, 0x000000002b850000, 0x000000002e010000)
 total_blobs=3308 nmethods=2634 adapters=621 free_code_cache=40850Kb largest_free_block=41718272

Compilation events (10 events):
Event: 69200.179 Thread 0x000000000cfa3800 2852             java.lang.Class::getField0 (92 bytes)
Event: 69200.216 Thread 0x000000000cfa3800 nmethod 2852 0x000000002b8424d0 code [0x000000002b842840, 0x000000002b843cb0]
Event: 85508.156 Thread 0x000000000cfc2000 2853   !         com.mathworks.util.RequestQueue$2::run (50 bytes)
Event: 85508.406 Thread 0x000000000cfc2000 nmethod 2853 0x000000002b63ec10 code [0x000000002b63eda0, 0x000000002b63f1e0]
Event: 94730.399 Thread 0x000000000cfa3800 2854   !         com.mathworks.util.RequestQueue::request (40 bytes)
Event: 94730.437 Thread 0x000000000cfa3800 nmethod 2854 0x000000002b83fd10 code [0x000000002b83ffc0, 0x000000002b841280]
Event: 161172.404 Thread 0x000000000cfc2000 2855             sun.font.StrikeCache::doDispose (241 bytes)
Event: 161173.371 Thread 0x000000000cfc2000 nmethod 2855 0x000000002b6368d0 code [0x000000002b636aa0, 0x000000002b637000]
Event: 326277.695 Thread 0x000000000cfa3800 2856             java.util.HashMap::putAll (133 bytes)
Event: 326286.580 Thread 0x000000000cfa3800 nmethod 2856 0x000000002b845510 code [0x000000002b845780, 0x000000002b846160]

GC Heap History (10 events):
Event: 329303.471 GC heap before
{Heap before GC invocations=2784 (full 12):
 PSYoungGen      total 97216K, used 96480K [0x00000000fa000000, 0x0000000100000000, 0x0000000100000000)
  eden space 96256K, 100% used [0x00000000fa000000,0x00000000ffe00000,0x00000000ffe00000)
  from space 960K, 23% used [0x00000000ffe00000,0x00000000ffe38000,0x00000000ffef0000)
  to   space 960K, 0% used [0x00000000fff10000,0x00000000fff10000,0x0000000100000000)
 ParOldGen       total 112960K, used 71329K [0x00000000e8000000, 0x00000000eee50000, 0x00000000fa000000)
  object space 112960K, 63% used [0x00000000e8000000,0x00000000ec5a85c0,0x00000000eee50000)
 PSPermGen       total 84544K, used 62748K [0x00000000e0000000, 0x00000000e5290000, 0x00000000e8000000)
  object space 84544K, 74% used [0x00000000e0000000,0x00000000e3d47300,0x00000000e5290000)
Event: 329303.474 GC heap after
Heap after GC invocations=2784 (full 12):
 PSYoungGen      total 97344K, used 224K [0x00000000fa000000, 0x0000000100000000, 0x0000000100000000)
  eden space 96384K, 0% used [0x00000000fa000000,0x00000000fa000000,0x00000000ffe20000)
  from space 960K, 23% used [0x00000000fff10000,0x00000000fff48000,0x0000000100000000)
  to   space 960K, 0% used [0x00000000ffe20000,0x00000000ffe20000,0x00000000fff10000)
 ParOldGen       total 112960K, used 71337K [0x00000000e8000000, 0x00000000eee50000, 0x00000000fa000000)
  object space 112960K, 63% used [0x00000000e8000000,0x00000000ec5aa5c0,0x00000000eee50000)
 PSPermGen       total 84544K, used 62748K [0x00000000e0000000, 0x00000000e5290000, 0x00000000e8000000)
  object space 84544K, 74% used [0x00000000e0000000,0x00000000e3d47300,0x00000000e5290000)
}
Event: 329441.109 GC heap before
{Heap before GC invocations=2785 (full 12):
 PSYoungGen      total 97344K, used 96608K [0x00000000fa000000, 0x0000000100000000, 0x0000000100000000)
  eden space 96384K, 100% used [0x00000000fa000000,0x00000000ffe20000,0x00000000ffe20000)
  from space 960K, 23% used [0x00000000fff10000,0x00000000fff48000,0x0000000100000000)
  to   space 960K, 0% used [0x00000000ffe20000,0x00000000ffe20000,0x00000000fff10000)
 ParOldGen       total 112960K, used 71337K [0x00000000e8000000, 0x00000000eee50000, 0x00000000fa000000)
  object space 112960K, 63% used [0x00000000e8000000,0x00000000ec5aa5c0,0x00000000eee50000)
 PSPermGen       total 84544K, used 62748K [0x00000000e0000000, 0x00000000e5290000, 0x00000000e8000000)
  object space 84544K, 74% used [0x00000000e0000000,0x00000000e3d47300,0x00000000e5290000)
Event: 329441.115 GC heap after
Heap after GC invocations=2785 (full 12):
 PSYoungGen      total 96640K, used 224K [0x00000000fa000000, 0x00000000fffe0000, 0x0000000100000000)
  eden space 96384K, 0% used [0x00000000fa000000,0x00000000fa000000,0x00000000ffe20000)
  from space 256K, 87% used [0x00000000ffe20000,0x00000000ffe58000,0x00000000ffe60000)
  to   space 896K, 0% used [0x00000000fff00000,0x00000000fff00000,0x00000000fffe0000)
 ParOldGen       total 112960K, used 71337K [0x00000000e8000000, 0x00000000eee50000, 0x00000000fa000000)
  object space 112960K, 63% used [0x00000000e8000000,0x00000000ec5aa5c0,0x00000000eee50000)
 PSPermGen       total 84544K, used 62748K [0x00000000e0000000, 0x00000000e5290000, 0x00000000e8000000)
  object space 84544K, 74% used [0x00000000e0000000,0x00000000e3d47300,0x00000000e5290000)
}
Event: 329612.445 GC heap before
{Heap before GC invocations=2786 (full 12):
 PSYoungGen      total 96640K, used 96608K [0x00000000fa000000, 0x00000000fffe0000, 0x0000000100000000)
  eden space 96384K, 100% used [0x00000000fa000000,0x00000000ffe20000,0x00000000ffe20000)
  from space 256K, 87% used [0x00000000ffe20000,0x00000000ffe58000,0x00000000ffe60000)
  to   space 896K, 0% used [0x00000000fff00000,0x00000000fff00000,0x00000000fffe0000)
 ParOldGen       total 112960K, used 71337K [0x00000000e8000000, 0x00000000eee50000, 0x00000000fa000000)
  object space 112960K, 63% used [0x00000000e8000000,0x00000000ec5aa5c0,0x00000000eee50000)
 PSPermGen       total 84544K, used 62748K [0x00000000e0000000, 0x00000000e5290000, 0x00000000e8000000)
  object space 84544K, 74% used [0x00000000e0000000,0x00000000e3d47300,0x00000000e5290000)
Event: 329612.451 GC heap after
Heap after GC invocations=2786 (full 12):
 PSYoungGen      total 97280K, used 128K [0x00000000fa000000, 0x0000000100000000, 0x0000000100000000)
  eden space 96384K, 0% used [0x00000000fa000000,0x00000000fa000000,0x00000000ffe20000)
  from space 896K, 14% used [0x00000000fff00000,0x00000000fff20000,0x00000000fffe0000)
  to   space 896K, 0% used [0x00000000ffe20000,0x00000000ffe20000,0x00000000fff00000)
 ParOldGen       total 112960K, used 71337K [0x00000000e8000000, 0x00000000eee50000, 0x00000000fa000000)
  object space 112960K, 63% used [0x00000000e8000000,0x00000000ec5aa5c0,0x00000000eee50000)
 PSPermGen       total 84544K, used 62748K [0x00000000e0000000, 0x00000000e5290000, 0x00000000e8000000)
  object space 84544K, 74% used [0x00000000e0000000,0x00000000e3d47300,0x00000000e5290000)
}
Event: 329786.437 GC heap before
{Heap before GC invocations=2787 (full 12):
 PSYoungGen      total 97280K, used 96512K [0x00000000fa000000, 0x0000000100000000, 0x0000000100000000)
  eden space 96384K, 100% used [0x00000000fa000000,0x00000000ffe20000,0x00000000ffe20000)
  from space 896K, 14% used [0x00000000fff00000,0x00000000fff20000,0x00000000fffe0000)
  to   space 896K, 0% used [0x00000000ffe20000,0x00000000ffe20000,0x00000000fff00000)
 ParOldGen       total 112960K, used 71337K [0x00000000e8000000, 0x00000000eee50000, 0x00000000fa000000)
  object space 112960K, 63% used [0x00000000e8000000,0x00000000ec5aa5c0,0x00000000eee50000)
 PSPermGen       total 84544K, used 62748K [0x00000000e0000000, 0x00000000e5290000, 0x00000000e8000000)
  object space 84544K, 74% used [0x00000000e0000000,0x00000000e3d47300,0x00000000e5290000)
Event: 329786.443 GC heap after
Heap after GC invocations=2787 (full 12):
 PSYoungGen      total 97280K, used 160K [0x00000000fa000000, 0x0000000100000000, 0x0000000100000000)
  eden space 96384K, 0% used [0x00000000fa000000,0x00000000fa000000,0x00000000ffe20000)
  from space 896K, 17% used [0x00000000ffe20000,0x00000000ffe48000,0x00000000fff00000)
  to   space 896K, 0% used [0x00000000fff20000,0x00000000fff20000,0x0000000100000000)
 ParOldGen       total 112960K, used 71337K [0x00000000e8000000, 0x00000000eee50000, 0x00000000fa000000)
  object space 112960K, 63% used [0x00000000e8000000,0x00000000ec5aa5c0,0x00000000eee50000)
 PSPermGen       total 84544K, used 62748K [0x00000000e0000000, 0x00000000e5290000, 0x00000000e8000000)
  object space 84544K, 74% used [0x00000000e0000000,0x00000000e3d47300,0x00000000e5290000)
}
Event: 329960.430 GC heap before
{Heap before GC invocations=2788 (full 12):
 PSYoungGen      total 97280K, used 96544K [0x00000000fa000000, 0x0000000100000000, 0x0000000100000000)
  eden space 96384K, 100% used [0x00000000fa000000,0x00000000ffe20000,0x00000000ffe20000)
  from space 896K, 17% used [0x00000000ffe20000,0x00000000ffe48000,0x00000000fff00000)
  to   space 896K, 0% used [0x00000000fff20000,0x00000000fff20000,0x0000000100000000)
 ParOldGen       total 112960K, used 71337K [0x00000000e8000000, 0x00000000eee50000, 0x00000000fa000000)
  object space 112960K, 63% used [0x00000000e8000000,0x00000000ec5aa5c0,0x00000000eee50000)
 PSPermGen       total 84544K, used 62748K [0x00000000e0000000, 0x00000000e5290000, 0x00000000e8000000)
  object space 84544K, 74% used [0x00000000e0000000,0x00000000e3d47300,0x00000000e5290000)
Event: 329960.436 GC heap after
Heap after GC invocations=2788 (full 12):
 PSYoungGen      total 97280K, used 160K [0x00000000fa000000, 0x00000000fffe0000, 0x0000000100000000)
  eden space 96512K, 0% used [0x00000000fa000000,0x00000000fa000000,0x00000000ffe40000)
  from space 768K, 20% used [0x00000000fff20000,0x00000000fff48000,0x00000000fffe0000)
  to   space 832K, 0% used [0x00000000ffe40000,0x00000000ffe40000,0x00000000fff10000)
 ParOldGen       total 112960K, used 71337K [0x00000000e8000000, 0x00000000eee50000, 0x00000000fa000000)
  object space 112960K, 63% used [0x00000000e8000000,0x00000000ec5aa5c0,0x00000000eee50000)
 PSPermGen       total 84544K, used 62748K [0x00000000e0000000, 0x00000000e5290000, 0x00000000e8000000)
  object space 84544K, 74% used [0x00000000e0000000,0x00000000e3d47300,0x00000000e5290000)
}

Deoptimization events (10 events):
Event: 69032.569 Thread 0x00000000603f0000 Uncommon trap -34 fr.pc 0x000000002b7d9b5c
Event: 69032.571 Thread 0x00000000603f0000 Uncommon trap -58 fr.pc 0x000000002b78173c
Event: 69032.571 Thread 0x00000000603f0000 Uncommon trap -58 fr.pc 0x000000002b78173c
Event: 69033.155 Thread 0x00000000603f0000 Uncommon trap -58 fr.pc 0x000000002b78173c
Event: 69033.254 Thread 0x00000000603f0000 Uncommon trap -58 fr.pc 0x000000002b78173c
Event: 69057.542 Thread 0x00000000603f0000 Uncommon trap -83 fr.pc 0x000000002b5d92bc
Event: 69202.775 Thread 0x00000000603f0000 Uncommon trap -83 fr.pc 0x000000002b385184
Event: 69209.711 Thread 0x00000000603f0000 Uncommon trap -58 fr.pc 0x000000002b7e1e0c
Event: 69213.773 Thread 0x00000000603f0000 Uncommon trap -58 fr.pc 0x000000002b7e1e0c
Event: 85504.892 Thread 0x000000005ff68800 Uncommon trap -83 fr.pc 0x000000002b482880

Internal exceptions (10 events):
Event: 69202.907 Thread 0x000000000cd30800 Threw 0x00000000fccc6ce0 at C:\jdk7u1_64p\jdk7u11\hotspot\src\share\vm\prims\jvm.cpp:1166
Event: 69202.907 Thread 0x000000000cd30800 Threw 0x00000000fccdbe50 at C:\jdk7u1_64p\jdk7u11\hotspot\src\share\vm\prims\jvm.cpp:1166
Event: 69202.907 Thread 0x000000000cd30800 Threw 0x00000000fccdc408 at C:\jdk7u1_64p\jdk7u11\hotspot\src\share\vm\prims\jvm.cpp:1166
Event: 69202.907 Thread 0x000000000cd30800 Threw 0x00000000fccf1568 at C:\jdk7u1_64p\jdk7u11\hotspot\src\share\vm\prims\jvm.cpp:1166
Event: 69202.913 Thread 0x000000000cd30800 Threw 0x00000000fccf1a48 at C:\jdk7u1_64p\jdk7u11\hotspot\src\share\vm\prims\jvm.cpp:1166
Event: 69202.913 Thread 0x000000000cd30800 Threw 0x00000000fccfeed0 at C:\jdk7u1_64p\jdk7u11\hotspot\src\share\vm\prims\jvm.cpp:1166
Event: 69202.913 Thread 0x000000000cd30800 Threw 0x00000000fccff1c8 at C:\jdk7u1_64p\jdk7u11\hotspot\src\share\vm\prims\jvm.cpp:1166
Event: 69202.914 Thread 0x000000000cd30800 Threw 0x00000000fcd0c608 at C:\jdk7u1_64p\jdk7u11\hotspot\src\share\vm\prims\jvm.cpp:1166
Event: 69202.914 Thread 0x000000000cd30800 Threw 0x00000000fcd0ca28 at C:\jdk7u1_64p\jdk7u11\hotspot\src\share\vm\prims\jvm.cpp:1166
Event: 69202.914 Thread 0x000000000cd30800 Threw 0x00000000fcd19e90 at C:\jdk7u1_64p\jdk7u11\hotspot\src\share\vm\prims\jvm.cpp:1166

Events (10 events):
Event: 329303.471 Executing VM operation: ParallelGCFailedAllocation
Event: 329303.474 Executing VM operation: ParallelGCFailedAllocation done
Event: 329441.109 Executing VM operation: ParallelGCFailedAllocation
Event: 329441.115 Executing VM operation: ParallelGCFailedAllocation done
Event: 329612.444 Executing VM operation: ParallelGCFailedAllocation
Event: 329612.451 Executing VM operation: ParallelGCFailedAllocation done
Event: 329786.437 Executing VM operation: ParallelGCFailedAllocation
Event: 329786.443 Executing VM operation: ParallelGCFailedAllocation done
Event: 329960.430 Executing VM operation: ParallelGCFailedAllocation
Event: 329960.436 Executing VM operation: ParallelGCFailedAllocation done


Dynamic libraries:
0x0000000140000000 - 0x0000000140029000 	E:\Program Files\MATLAB\R2013b\bin\win64\MATLAB.exe
0x0000000076cf0000 - 0x0000000076e99000 	C:\Windows\SYSTEM32\ntdll.dll
0x0000000076bd0000 - 0x0000000076cef000 	C:\Windows\system32\kernel32.dll
0x000007fefcb50000 - 0x000007fefcbbc000 	C:\Windows\system32\KERNELBASE.dll
0x000000006f060000 - 0x000000006f3dc000 	E:\Program Files\MATLAB\R2013b\bin\win64\libmwservices.dll
0x000000006fe80000 - 0x000000006ff56000 	E:\Program Files\MATLAB\R2013b\bin\win64\libmwi18n.dll
0x000000006fe70000 - 0x000000006fe7d000 	E:\Program Files\MATLAB\R2013b\bin\win64\libmwresource_core.dll
0x0000000072aa0000 - 0x0000000072b38000 	E:\Program Files\MATLAB\R2013b\bin\win64\MSVCP100.dll
0x00000000729c0000 - 0x0000000072a92000 	E:\Program Files\MATLAB\R2013b\bin\win64\MSVCR100.dll
0x00000000732b0000 - 0x00000000732be000 	E:\Program Files\MATLAB\R2013b\bin\win64\boost_date_time-vc100-mt-1_49.dll
0x0000000072fa0000 - 0x0000000072fcc000 	E:\Program Files\MATLAB\R2013b\bin\win64\boost_filesystem-vc100-mt-1_49.dll
0x00000000732c0000 - 0x00000000732c9000 	E:\Program Files\MATLAB\R2013b\bin\win64\boost_system-vc100-mt-1_49.dll
0x000007fefee40000 - 0x000007fefef1b000 	C:\Windows\system32\ADVAPI32.dll
0x000007fefeda0000 - 0x000007fefee3f000 	C:\Windows\system32\msvcrt.dll
0x000007fefd3d0000 - 0x000007fefd3ef000 	C:\Windows\SYSTEM32\sechost.dll
0x000007fefec70000 - 0x000007fefed9d000 	C:\Windows\system32\RPCRT4.dll
0x0000000072f70000 - 0x0000000072f95000 	E:\Program Files\MATLAB\R2013b\bin\win64\LIBEXPAT.dll
0x0000000070410000 - 0x000000007059a000 	E:\Program Files\MATLAB\R2013b\bin\win64\icuin49.dll
0x0000000072360000 - 0x000000007249e000 	E:\Program Files\MATLAB\R2013b\bin\win64\icuuc49.dll
0x0000000004310000 - 0x0000000005432000 	E:\Program Files\MATLAB\R2013b\bin\win64\icudt49.dll
0x0000000073030000 - 0x0000000073040000 	E:\Program Files\MATLAB\R2013b\bin\win64\icuio49.dll
0x0000000004100000 - 0x00000000041bb000 	E:\Program Files\MATLAB\R2013b\bin\win64\libut.dll
0x000000006f960000 - 0x000000006fb07000 	E:\Program Files\MATLAB\R2013b\bin\win64\libmwfl.dll
0x0000000005440000 - 0x000000000584f000 	E:\Program Files\MATLAB\R2013b\bin\win64\libmwMATLAB_res.dll
0x00000000728e0000 - 0x00000000729bf000 	E:\Program Files\MATLAB\R2013b\bin\win64\boost_regex-vc100-mt-1_49.dll
0x0000000076990000 - 0x0000000076a8a000 	C:\Windows\system32\USER32.dll
0x000007fefd730000 - 0x000007fefd797000 	C:\Windows\system32\GDI32.dll
0x000007fefd3c0000 - 0x000007fefd3ce000 	C:\Windows\system32\LPK.dll
0x000007fefd3f0000 - 0x000007fefd4b9000 	C:\Windows\system32\USP10.dll
0x00000000728c0000 - 0x00000000728d1000 	E:\Program Files\MATLAB\R2013b\bin\win64\boost_signals-vc100-mt-1_49.dll
0x0000000072340000 - 0x0000000072351000 	E:\Program Files\MATLAB\R2013b\bin\win64\boost_thread-vc100-mt-1_49.dll
0x00000000722b0000 - 0x000000007233c000 	E:\Program Files\MATLAB\R2013b\bin\win64\boost_log-vc100-mt-1_49.dll
0x0000000076ec0000 - 0x0000000076ec7000 	C:\Windows\system32\PSAPI.DLL
0x000007fefdbf0000 - 0x000007fefdc3d000 	C:\Windows\system32\WS2_32.dll
0x000007fefd4c0000 - 0x000007fefd4c8000 	C:\Windows\system32\NSI.dll
0x000007fef7da0000 - 0x000007fef7dd3000 	E:\Program Files\MATLAB\R2013b\bin\win64\tbb.dll
0x000007fefd1d0000 - 0x000007fefd1e9000 	C:\Windows\system32\imagehlp.dll
0x000007fefcc20000 - 0x000007fefcc4c000 	C:\Windows\system32\POWRPROF.dll
0x000007fefd4d0000 - 0x000007fefd6a7000 	C:\Windows\system32\SETUPAPI.dll
0x000007fefcc50000 - 0x000007fefcc86000 	C:\Windows\system32\CFGMGR32.dll
0x000007fefef20000 - 0x000007fefeff7000 	C:\Windows\system32\OLEAUT32.dll
0x000007fefea00000 - 0x000007fefec03000 	C:\Windows\system32\ole32.dll
0x000007fefca30000 - 0x000007fefca4a000 	C:\Windows\system32\DEVOBJ.dll
0x0000000005850000 - 0x000000000594b000 	E:\Program Files\MATLAB\R2013b\bin\win64\libmx.dll
0x000007fef6c60000 - 0x000007fef6c88000 	E:\Program Files\MATLAB\R2013b\bin\win64\tbbmalloc.dll
0x0000000072290000 - 0x00000000722a7000 	E:\Program Files\MATLAB\R2013b\bin\win64\zlib1.dll
0x000000006ef00000 - 0x000000006ef4e000 	E:\Program Files\MATLAB\R2013b\bin\win64\libmwregexp.dll
0x000000006eeb0000 - 0x000000006eef7000 	E:\Program Files\MATLAB\R2013b\bin\win64\mpath.dll
0x0000000005950000 - 0x0000000005f78000 	E:\Program Files\MATLAB\R2013b\bin\win64\mlutil.dll
0x000000006e870000 - 0x000000006e8e7000 	E:\Program Files\MATLAB\R2013b\bin\win64\xmlcore.dll
0x0000000005f80000 - 0x00000000061c1000 	E:\Program Files\MATLAB\R2013b\bin\win64\xerces-c_2_7.dll
0x000000006e5f0000 - 0x000000006e613000 	E:\Program Files\MATLAB\R2013b\bin\win64\libmwMATLAB_settings_res.dll
0x0000000073040000 - 0x0000000073050000 	E:\Program Files\MATLAB\R2013b\bin\win64\boost_iostreams-vc100-mt-1_49.dll
0x0000000070c40000 - 0x0000000070c86000 	E:\Program Files\MATLAB\R2013b\bin\win64\boost_serialization-vc100-mt-1_49.dll
0x000007fefdc70000 - 0x000007fefe9f8000 	C:\Windows\system32\SHELL32.dll
0x000007fefd6b0000 - 0x000007fefd721000 	C:\Windows\system32\SHLWAPI.dll
0x000000006e580000 - 0x000000006e586000 	E:\Program Files\MATLAB\R2013b\bin\win64\libmwnativedisplay.dll
0x00000000685f0000 - 0x000000006863d000 	E:\Program Files\MATLAB\R2013b\bin\win64\opccore.dll
0x00000000684f0000 - 0x00000000685c6000 	E:\Program Files\MATLAB\R2013b\bin\win64\opcmodel.dll
0x00000000684c0000 - 0x00000000684ed000 	E:\Program Files\MATLAB\R2013b\bin\win64\opczippackage.dll
0x0000000072ee0000 - 0x0000000072eee000 	E:\Program Files\MATLAB\R2013b\bin\win64\libminizip.dll
0x0000000068340000 - 0x00000000683a6000 	E:\Program Files\MATLAB\R2013b\bin\win64\opcmwservices.dll
0x000007fef8d30000 - 0x000007fef8dd0000 	C:\Windows\WinSxS\amd64_microsoft.windows.common-controls_6595b64144ccf1df_5.82.7601.18201_none_a4d3b9377117c3df\COMCTL32.dll
0x000007fefd290000 - 0x000007fefd327000 	C:\Windows\system32\COMDLG32.dll
0x000007fef9990000 - 0x000007fef99a6000 	C:\Windows\system32\NETAPI32.dll
0x000007fef9980000 - 0x000007fef998c000 	C:\Windows\system32\netutils.dll
0x000007fefc2b0000 - 0x000007fefc2d3000 	C:\Windows\system32\srvcli.dll
0x000007fef9960000 - 0x000007fef9975000 	C:\Windows\system32\wkscli.dll
0x000000006e4d0000 - 0x000000006e57d000 	E:\Program Files\MATLAB\R2013b\bin\win64\mcr.dll
0x000000006e110000 - 0x000000006e4d0000 	E:\Program Files\MATLAB\R2013b\bin\win64\iqm.dll
0x0000000180000000 - 0x00000001800c2000 	E:\Program Files\MATLAB\R2013b\bin\win64\m_dispatcher.dll
0x00000000061d0000 - 0x00000000069cb000 	E:\Program Files\MATLAB\R2013b\bin\win64\m_interpreter.dll
0x000000006d760000 - 0x000000006d784000 	E:\Program Files\MATLAB\R2013b\bin\win64\libmex.dll
0x000000006d6e0000 - 0x000000006d75b000 	E:\Program Files\MATLAB\R2013b\bin\win64\profiler.dll
0x000000006d450000 - 0x000000006d5c8000 	E:\Program Files\MATLAB\R2013b\bin\win64\libmwmathutil.dll
0x000000006d420000 - 0x000000006d447000 	E:\Program Files\MATLAB\R2013b\bin\win64\libmwmathrng.dll
0x000000006d410000 - 0x000000006d420000 	E:\Program Files\MATLAB\R2013b\bin\win64\libmwmfl_rng.dll
0x00000000069d0000 - 0x0000000006ae8000 	E:\Program Files\MATLAB\R2013b\bin\win64\libmwmathcore.dll
0x000000006d2b0000 - 0x000000006d313000 	E:\Program Files\MATLAB\R2013b\bin\win64\libmwspmatrix.dll
0x0000000006af0000 - 0x0000000006d52000 	E:\Program Files\MATLAB\R2013b\bin\win64\mcos.dll
0x000000006cfc0000 - 0x000000006d01c000 	E:\Program Files\MATLAB\R2013b\bin\win64\libmwcholmod.dll
0x000000006cfb0000 - 0x000000006cfbc000 	E:\Program Files\MATLAB\R2013b\bin\win64\libmwamd.dll
0x000000006cfa0000 - 0x000000006cfab000 	E:\Program Files\MATLAB\R2013b\bin\win64\libmwcolamd.dll
0x000000006cf80000 - 0x000000006cf93000 	E:\Program Files\MATLAB\R2013b\bin\win64\libmwblas.dll
0x000000006cf60000 - 0x000000006cf75000 	E:\Program Files\MATLAB\R2013b\bin\win64\libmwbinder.dll
0x000000006cf50000 - 0x000000006cf5b000 	E:\Program Files\MATLAB\R2013b\bin\win64\libmwompwrapper.dll
0x000000006ced0000 - 0x000000006cf4f000 	E:\Program Files\MATLAB\R2013b\bin\win64\libmwlapack.dll
0x000000006ceb0000 - 0x000000006ced0000 	E:\Program Files\MATLAB\R2013b\bin\win64\m_pcodeio.dll
0x000000006ce50000 - 0x000000006ceac000 	E:\Program Files\MATLAB\R2013b\bin\win64\m_ir.dll
0x0000000006d60000 - 0x0000000007415000 	E:\Program Files\MATLAB\R2013b\bin\win64\m_parser.dll
0x000000006c780000 - 0x000000006c797000 	E:\Program Files\MATLAB\R2013b\bin\win64\ir_xfmr.dll
0x000000006c770000 - 0x000000006c780000 	E:\Program Files\MATLAB\R2013b\bin\win64\mtok.dll
0x000000006c740000 - 0x000000006c768000 	E:\Program Files\MATLAB\R2013b\bin\win64\m_pcodegen.dll
0x000007fef6800000 - 0x000007fef6925000 	C:\Windows\system32\dbghelp.dll
0x000000006c710000 - 0x000000006c73f000 	E:\Program Files\MATLAB\R2013b\bin\win64\libmwbridge.dll
0x000000006c650000 - 0x000000006c706000 	E:\Program Files\MATLAB\R2013b\bin\win64\udd.dll
0x0000000007420000 - 0x0000000007571000 	E:\Program Files\MATLAB\R2013b\bin\win64\libmwgui.dll
0x000000006c4d0000 - 0x000000006c4f8000 	E:\Program Files\MATLAB\R2013b\bin\win64\graphics_util.dll
0x0000000007580000 - 0x0000000007638000 	E:\Program Files\MATLAB\R2013b\bin\win64\libtex_base.dll
0x000000006bac0000 - 0x000000006c426000 	E:\Program Files\MATLAB\R2013b\bin\win64\hg.dll
0x000000006ba60000 - 0x000000006babd000 	E:\Program Files\MATLAB\R2013b\bin\win64\libmat.dll
0x000000006b850000 - 0x000000006ba58000 	E:\Program Files\MATLAB\R2013b\bin\win64\hdf5dll.dll
0x000000006b780000 - 0x000000006b848000 	E:\Program Files\MATLAB\R2013b\bin\win64\jmi.dll
0x000000006b770000 - 0x000000006b77e000 	E:\Program Files\MATLAB\R2013b\bin\win64\nativejava_services.dll
0x0000000007640000 - 0x0000000007682000 	E:\Program Files\MATLAB\R2013b\bin\win64\libmwhardcopy.dll
0x000000006b6d0000 - 0x000000006b72e000 	E:\Program Files\MATLAB\R2013b\bin\win64\libuij.dll
0x000000006b490000 - 0x000000006b695000 	E:\Program Files\MATLAB\R2013b\bin\win64\hgdatatypes.dll
0x0000000007690000 - 0x00000000077a2000 	E:\Program Files\MATLAB\R2013b\bin\win64\hgutils.dll
0x000000006b2f0000 - 0x000000006b39e000 	E:\Program Files\MATLAB\R2013b\bin\win64\udd_mi.dll
0x000000006b2b0000 - 0x000000006b2e6000 	E:\Program Files\MATLAB\R2013b\bin\win64\libmwgbtutils.dll
0x000000006b290000 - 0x000000006b2a3000 	E:\Program Files\MATLAB\R2013b\bin\win64\libmwgbt.dll
0x000000006afc0000 - 0x000000006b28f000 	E:\Program Files\MATLAB\R2013b\bin\win64\uiw.dll
0x000000006afb0000 - 0x000000006afb9000 	E:\Program Files\MATLAB\R2013b\bin\win64\uinone.dll
0x000000006af80000 - 0x000000006afac000 	E:\Program Files\MATLAB\R2013b\bin\win64\libmwnativedialogs.dll
0x000000006af70000 - 0x000000006af7c000 	E:\Program Files\MATLAB\R2013b\bin\win64\libmwplatform_res.dll
0x000007fefa420000 - 0x000007fefa438000 	C:\Windows\system32\MPR.dll
0x00000000077b0000 - 0x0000000007d0d000 	E:\Program Files\MATLAB\R2013b\bin\win64\mfc100.dll
0x000007fefbfc0000 - 0x000007fefbfc7000 	C:\Windows\system32\MSIMG32.dll
0x000007fef9b30000 - 0x000007fef9ba1000 	C:\Windows\system32\WINSPOOL.DRV
0x000000006af50000 - 0x000000006af6d000 	E:\Program Files\MATLAB\R2013b\bin\win64\mwoles05.DLL
0x000000006aee0000 - 0x000000006af4c000 	E:\Program Files\MATLAB\R2013b\bin\win64\comcli.dll
0x0000000070be0000 - 0x0000000070c0b000 	E:\Program Files\MATLAB\R2013b\bin\win64\ATL100.DLL
0x000000006aed0000 - 0x000000006aedc000 	E:\Program Files\MATLAB\R2013b\bin\win64\mlautoregister.dll
0x0000000007d10000 - 0x0000000007e7f000 	E:\Program Files\MATLAB\R2013b\bin\win64\mvm.dll
0x000007fefdc40000 - 0x000007fefdc6e000 	C:\Windows\system32\IMM32.DLL
0x000007fefce70000 - 0x000007fefcf79000 	C:\Windows\system32\MSCTF.dll
0x000007fefc7a0000 - 0x000007fefc7e4000 	C:\Windows\system32\nvinitx.dll
0x000000000f000000 - 0x000000000f006000 	C:\Program Files\NVIDIA Corporation\CoProcManager\_etoured.dll

VM Arguments:
jvm_args: -XX:PermSize=32m -Xms64m -XX:NewRatio=3 -XX:MaxPermSize=128m -Xmx384m -XX:MaxDirectMemorySize=2147400000 -Dsun.java2d.noddraw=true -Dsun.awt.nopixfmt=true -Xshare:off -Xrs -XX:-UseSplitVerifier -Djava.library.path=E:\Program Files\MATLAB\R2013b\bin\win64;E:\Program Files\MATLAB\R2013b\sys\jxbrowser\win64\lib vfprintf abort -Duser.language=zh -Duser.country=CN 
java_command: <unknown>
Launcher Type: generic

Environment Variables:
JAVA_HOME=C:\Program Files\Java\jdk1.7.0_65;C:\Program Files\Java\jdk1.6.0_45;
CLASSPATH=C:\Program Files\Java\jdk1.7.0_65\lib\tools.jar;C:\Program Files\Java\jdk1.6.0_45\lib;C:\Program Files\Java\jdk1.6.0_45\lib\tools.jar;C:\Program Files\Java\jdk1.6.0_45\lib\dt.jar;C:\Program Files\Java\jdk1.7.0_65\lib\dt.jar;
PATH=C:\Program Files\Common Files\Microsoft Shared\Windows Live;C:\Python27\Lib\site-packages\PyQt4;C:\Windows\system32;C:\Windows;C:\Windows\System32\Wbem;C:\Windows\System32\WindowsPowerShell\v1.0\;C:\Program Files\Intel\WiFi\bin\;C:\Program Files\Common Files\Intel\WirelessCommon\;C:\Program Files\ThinkPad\Bluetooth Software\;C:\Program Files\ThinkPad\Bluetooth Software\syswow64;E:\Program Files (x86)\Lenovo\Access Connections\;C:\Program Files (x86)\Intel\OpenCL SDK\2.0\bin\x86;C:\Program Files (x86)\Intel\OpenCL SDK\2.0\bin\x64;C:\Python27;C:\Python27\DLLs;C:\Python27\Scripts;C:\MinGW\bin;C:\Python27\Lib\site-packages\vtk;C:\Python27\gnuplot\binary;E:\Program Files (x86)\pythonxy\SciTE-3.3.2-3;E:\Program Files (x86)\pythonxy\console;C:\MinGW32-xy\bin;E:\Program Files (x86)\pythonxy\swig;E:\Program Files (x86)\pythonxy\gettext\bin;E:\Program Files\MATLAB\R2013b\runtime\win64;E:\Program Files\MATLAB\R2013b\bin;E:\Program Files\MATLAB\R2013b\polyspace\bin;E:\Program Files (x86)\Git\bin; E:\mysql_5_6_14\bin;E:\Program Files\MySQL\MySQL Utilities 1.3.5\;E:\Android\Android SDK\platform-tools;C:\Program Files\Java\jdk1.7.0_65\bin;C:\Program Files\Java\jdk1.7.0_65\jre\bin;C:\Program Files\Java\jdk1.6.0_45\bin;C:\Program Files\Java\jdk1.6.0_45\jre\bin;C:\Program Files\Common Files\Microsoft Shared\Windows Live;C:\Program Files\Intel\WiFi\bin\;C:\Program Files\Common Files\Intel\WirelessCommon\;;E:\Program Files (x86)\SSH Communications Security\SSH Secure Shell
USERNAME=FrankSu
OS=Windows_NT
PROCESSOR_IDENTIFIER=Intel64 Family 6 Model 58 Stepping 9, GenuineIntel



---------------  S Y S T E M  ---------------

OS: Windows 7 , 64 bit Build 7601 Service Pack 1

CPU:total 4 (2 cores per cpu, 2 threads per core) family 6 model 58 stepping 9, cmov, cx8, fxsr, mmx, sse, sse2, sse3, ssse3, sse4.1, sse4.2, popcnt, avx, ht, tsc, tscinvbit, tscinv

Memory: 4k page, physical 8078124k(3563860k free), swap 16154392k(8685696k free)

vm_info: Java HotSpot(TM) 64-Bit Server VM (23.6-b04) for windows-amd64 JRE (1.7.0_11-b21), built on Jan 12 2013 02:38:42 by "java_re" with unknown MS VC++:1600

time: Thu Mar 05 15:23:49 2015
elapsed time: 330132 seconds

